This file contains any messages produced by compilers while
running configure, to aid debugging if configure makes a mistake.

It was created by configure, which was
generated by GNU Autoconf 2.59.  Invocation command line was

  $ ./configure 

## --------- ##
## Platform. ##
## --------- ##

hostname = R9R16M8
uname -m = x86_64
uname -r = 3.2.0-53-generic
uname -s = Linux
uname -v = #81-Ubuntu SMP Thu Aug 22 21:01:03 UTC 2013

/usr/bin/uname -p = unknown
/bin/uname -X     = unknown

/bin/arch              = unknown
/usr/bin/arch -k       = unknown
/usr/convex/getsysinfo = unknown
hostinfo               = unknown
/bin/machine           = unknown
/usr/bin/oslevel       = unknown
/bin/universe          = unknown

PATH: /home/glp/bin
PATH: /usr/lib/lightdm/lightdm
PATH: /usr/local/sbin
PATH: /usr/local/bin
PATH: /usr/sbin
PATH: /usr/bin
PATH: /sbin
PATH: /bin
PATH: /usr/games
PATH: /home/glp/Project/ns-allinone-2.35/bin
PATH: /home/glp/Project/ns-allinone-2.35/tcl8.5.10/unix
PATH: /home/glp/Project/ns-allinone-2.35/tk8.5.10/unix
PATH: /home/glp/Project/eclipse
PATH: /usr/local/texlive/2012/bin/x86_64-linux
PATH: /home/glp/Project/netbeans-7.3/bin
PATH: /home/glp/bin


## ----------- ##
## Core tests. ##
## ----------- ##

configure:1400: checking for g++
configure:1416: found /usr/bin/g++
configure:1426: result: g++
configure:1442: checking for C++ compiler version
configure:1445: g++ --version </dev/null >&5
g++ (Ubuntu/Linaro 4.6.3-1ubuntu5) 4.6.3
Copyright (C) 2011 Free Software Foundation, Inc.
This is free software; see the source for copying conditions.  There is NO
warranty; not even for MERCHANTABILITY or FITNESS FOR A PARTICULAR PURPOSE.

configure:1448: $? = 0
configure:1450: g++ -v </dev/null >&5
Using built-in specs.
COLLECT_GCC=g++
COLLECT_LTO_WRAPPER=/usr/lib/gcc/x86_64-linux-gnu/4.6/lto-wrapper
Target: x86_64-linux-gnu
Configured with: ../src/configure -v --with-pkgversion='Ubuntu/Linaro 4.6.3-1ubuntu5' --with-bugurl=file:///usr/share/doc/gcc-4.6/README.Bugs --enable-languages=c,c++,fortran,objc,obj-c++ --prefix=/usr --program-suffix=-4.6 --enable-shared --enable-linker-build-id --with-system-zlib --libexecdir=/usr/lib --without-included-gettext --enable-threads=posix --with-gxx-include-dir=/usr/include/c++/4.6 --libdir=/usr/lib --enable-nls --with-sysroot=/ --enable-clocale=gnu --enable-libstdcxx-debug --enable-libstdcxx-time=yes --enable-gnu-unique-object --enable-plugin --enable-objc-gc --disable-werror --with-arch-32=i686 --with-tune=generic --enable-checking=release --build=x86_64-linux-gnu --host=x86_64-linux-gnu --target=x86_64-linux-gnu
Thread model: posix
gcc version 4.6.3 (Ubuntu/Linaro 4.6.3-1ubuntu5) 
configure:1453: $? = 0
configure:1455: g++ -V </dev/null >&5
g++: error: unrecognized option '-V'
g++: fatal error: no input files
compilation terminated.
configure:1458: $? = 4
configure:1481: checking for C++ compiler default output file name
configure:1484: g++    conftest.cc  >&5
configure:1487: $? = 0
configure:1533: result: a.out
configure:1538: checking whether the C++ compiler works
configure:1544: ./a.out
configure:1547: $? = 0
configure:1564: result: yes
configure:1571: checking whether we are cross compiling
configure:1573: result: no
configure:1576: checking for suffix of executables
configure:1578: g++ -o conftest    conftest.cc  >&5
configure:1581: $? = 0
configure:1606: result: 
configure:1612: checking for suffix of object files
configure:1633: g++ -c   conftest.cc >&5
configure:1636: $? = 0
configure:1658: result: o
configure:1662: checking whether we are using the GNU C++ compiler
configure:1686: g++ -c   conftest.cc >&5
configure:1692: $? = 0
configure:1696: test -z 
			 || test ! -s conftest.err
configure:1699: $? = 0
configure:1702: test -s conftest.o
configure:1705: $? = 0
configure:1718: result: yes
configure:1724: checking whether g++ accepts -g
configure:1745: g++ -c -g  conftest.cc >&5
configure:1751: $? = 0
configure:1755: test -z 
			 || test ! -s conftest.err
configure:1758: $? = 0
configure:1761: test -s conftest.o
configure:1764: $? = 0
configure:1775: result: yes
configure:1817: g++ -c -g -O2  conftest.cc >&5
configure:1823: $? = 0
configure:1827: test -z 
			 || test ! -s conftest.err
configure:1830: $? = 0
configure:1833: test -s conftest.o
configure:1836: $? = 0
configure:1862: g++ -c -g -O2  conftest.cc >&5
conftest.cc: In function 'int main()':
conftest.cc:13:9: error: 'exit' was not declared in this scope
configure:1868: $? = 1
configure: failed program was:
| /* confdefs.h.  */
| 
| #define PACKAGE_NAME ""
| #define PACKAGE_TARNAME ""
| #define PACKAGE_VERSION ""
| #define PACKAGE_STRING ""
| #define PACKAGE_BUGREPORT ""
| /* end confdefs.h.  */
| 
| int
| main ()
| {
| exit (42);
|   ;
|   return 0;
| }
configure:1817: g++ -c -g -O2  conftest.cc >&5
conftest.cc:9:40: error: 'void std::exit(int)' should have been declared inside 'std'
configure:1823: $? = 1
configure: failed program was:
| /* confdefs.h.  */
| 
| #define PACKAGE_NAME ""
| #define PACKAGE_TARNAME ""
| #define PACKAGE_VERSION ""
| #define PACKAGE_STRING ""
| #define PACKAGE_BUGREPORT ""
| /* end confdefs.h.  */
| extern "C" void std::exit (int) throw (); using std::exit;
| #include <stdlib.h>
| int
| main ()
| {
| exit (42);
|   ;
|   return 0;
| }
configure:1817: g++ -c -g -O2  conftest.cc >&5
conftest.cc:9:31: error: 'void std::exit(int)' should have been declared inside 'std'
In file included from conftest.cc:10:0:
/usr/include/stdlib.h:544:70: error: declaration of 'void std::exit(int) throw ()' has a different exception specifier
conftest.cc:9:17: error: from previous declaration 'void std::exit(int)'
configure:1823: $? = 1
configure: failed program was:
| /* confdefs.h.  */
| 
| #define PACKAGE_NAME ""
| #define PACKAGE_TARNAME ""
| #define PACKAGE_VERSION ""
| #define PACKAGE_STRING ""
| #define PACKAGE_BUGREPORT ""
| /* end confdefs.h.  */
| extern "C" void std::exit (int); using std::exit;
| #include <stdlib.h>
| int
| main ()
| {
| exit (42);
|   ;
|   return 0;
| }
configure:1817: g++ -c -g -O2  conftest.cc >&5
configure:1823: $? = 0
configure:1827: test -z 
			 || test ! -s conftest.err
configure:1830: $? = 0
configure:1833: test -s conftest.o
configure:1836: $? = 0
configure:1862: g++ -c -g -O2  conftest.cc >&5
configure:1868: $? = 0
configure:1872: test -z 
			 || test ! -s conftest.err
configure:1875: $? = 0
configure:1878: test -s conftest.o
configure:1881: $? = 0
configure:1908: checking for gcc
configure:1926: found /usr/bin/gcc
configure:1938: result: /usr/bin/gcc
configure:1999: checking for make
configure:2017: found /usr/bin/make
configure:2029: result: /usr/bin/make
configure:2123: result: examples/h.264-decoder is not present,
	so we need not find SDL.
configure:2200: checking for SystemC directory
configure:2217: result: not found, still looking
configure:2230: checking for SystemC in /home/glp/src/systemc-2.2
configure:2239: result: not found, keep looking
configure:2230: checking for SystemC in /home/glp/src/systemc-2.2.05jun06_beta
configure:2239: result: not found, keep looking
configure:2230: checking for SystemC in /usr/share/systemc-2.2
configure:2239: result: not found, keep looking
configure:2230: checking for SystemC in /usr/share/systemc-2.2.05jun06_beta
configure:2239: result: not found, keep looking
configure:2230: checking for SystemC in /usr/local/systemc-2.2
configure:2239: result: not found, keep looking
configure:2230: checking for SystemC in /usr/local/systemc-2.2.05jun06_beta
configure:2239: result: not found, keep looking
configure:2248: WARNING: Failed to find SystemC directory, please install
   SystemC from http://www.systemc.org or rerun
   configure --with-systemc=/where/systemc/is/located
configure:2252: checking for systemc.h
configure:2300: checking for gcc
configure:2316: found /usr/bin/gcc
configure:2326: result: gcc
configure:2570: checking for C compiler version
configure:2573: gcc --version </dev/null >&5
gcc (Ubuntu/Linaro 4.6.3-1ubuntu5) 4.6.3
Copyright (C) 2011 Free Software Foundation, Inc.
This is free software; see the source for copying conditions.  There is NO
warranty; not even for MERCHANTABILITY or FITNESS FOR A PARTICULAR PURPOSE.

configure:2576: $? = 0
configure:2578: gcc -v </dev/null >&5
Using built-in specs.
COLLECT_GCC=gcc
COLLECT_LTO_WRAPPER=/usr/lib/gcc/x86_64-linux-gnu/4.6/lto-wrapper
Target: x86_64-linux-gnu
Configured with: ../src/configure -v --with-pkgversion='Ubuntu/Linaro 4.6.3-1ubuntu5' --with-bugurl=file:///usr/share/doc/gcc-4.6/README.Bugs --enable-languages=c,c++,fortran,objc,obj-c++ --prefix=/usr --program-suffix=-4.6 --enable-shared --enable-linker-build-id --with-system-zlib --libexecdir=/usr/lib --without-included-gettext --enable-threads=posix --with-gxx-include-dir=/usr/include/c++/4.6 --libdir=/usr/lib --enable-nls --with-sysroot=/ --enable-clocale=gnu --enable-libstdcxx-debug --enable-libstdcxx-time=yes --enable-gnu-unique-object --enable-plugin --enable-objc-gc --disable-werror --with-arch-32=i686 --with-tune=generic --enable-checking=release --build=x86_64-linux-gnu --host=x86_64-linux-gnu --target=x86_64-linux-gnu
Thread model: posix
gcc version 4.6.3 (Ubuntu/Linaro 4.6.3-1ubuntu5) 
configure:2581: $? = 0
configure:2583: gcc -V </dev/null >&5
gcc: error: unrecognized option '-V'
gcc: fatal error: no input files
compilation terminated.
configure:2586: $? = 4
configure:2589: checking whether we are using the GNU C compiler
configure:2613: gcc -c   conftest.c >&5
configure:2619: $? = 0
configure:2623: test -z 
			 || test ! -s conftest.err
configure:2626: $? = 0
configure:2629: test -s conftest.o
configure:2632: $? = 0
configure:2645: result: yes
configure:2651: checking whether gcc accepts -g
configure:2672: gcc -c -g  conftest.c >&5
configure:2678: $? = 0
configure:2682: test -z 
			 || test ! -s conftest.err
configure:2685: $? = 0
configure:2688: test -s conftest.o
configure:2691: $? = 0
configure:2702: result: yes
configure:2719: checking for gcc option to accept ANSI C
configure:2789: gcc  -c -g -O2  conftest.c >&5
configure:2795: $? = 0
configure:2799: test -z 
			 || test ! -s conftest.err
configure:2802: $? = 0
configure:2805: test -s conftest.o
configure:2808: $? = 0
configure:2826: result: none needed
configure:2844: gcc -c -g -O2  conftest.c >&5
conftest.c:2:3: error: unknown type name 'choke'
conftest.c:2:3: error: expected '=', ',', ';', 'asm' or '__attribute__' at end of input
configure:2850: $? = 1
configure: failed program was:
| #ifndef __cplusplus
|   choke me
| #endif
configure:2989: checking how to run the C preprocessor
configure:3024: gcc -E  conftest.c
configure:3030: $? = 0
configure:3062: gcc -E  conftest.c
conftest.c:12:28: fatal error: ac_nonexistent.h: No such file or directory
compilation terminated.
configure:3068: $? = 1
configure: failed program was:
| /* confdefs.h.  */
| 
| #define PACKAGE_NAME ""
| #define PACKAGE_TARNAME ""
| #define PACKAGE_VERSION ""
| #define PACKAGE_STRING ""
| #define PACKAGE_BUGREPORT ""
| #ifdef __cplusplus
| extern "C" void exit (int) throw ();
| #endif
| /* end confdefs.h.  */
| #include <ac_nonexistent.h>
configure:3107: result: gcc -E
configure:3131: gcc -E  conftest.c
configure:3137: $? = 0
configure:3169: gcc -E  conftest.c
conftest.c:12:28: fatal error: ac_nonexistent.h: No such file or directory
compilation terminated.
configure:3175: $? = 1
configure: failed program was:
| /* confdefs.h.  */
| 
| #define PACKAGE_NAME ""
| #define PACKAGE_TARNAME ""
| #define PACKAGE_VERSION ""
| #define PACKAGE_STRING ""
| #define PACKAGE_BUGREPORT ""
| #ifdef __cplusplus
| extern "C" void exit (int) throw ();
| #endif
| /* end confdefs.h.  */
| #include <ac_nonexistent.h>
configure:3219: checking for egrep
configure:3229: result: grep -E
configure:3234: checking for ANSI C header files
configure:3259: gcc -c -g -O2  conftest.c >&5
configure:3265: $? = 0
configure:3269: test -z 
			 || test ! -s conftest.err
configure:3272: $? = 0
configure:3275: test -s conftest.o
configure:3278: $? = 0
configure:3367: gcc -o conftest -g -O2   conftest.c  >&5
conftest.c: In function 'main':
conftest.c:29:7: warning: incompatible implicit declaration of built-in function 'exit' [enabled by default]
configure:3370: $? = 0
configure:3372: ./conftest
configure:3375: $? = 0
configure:3390: result: yes
configure:3414: checking for sys/types.h
configure:3430: gcc -c -g -O2  conftest.c >&5
configure:3436: $? = 0
configure:3440: test -z 
			 || test ! -s conftest.err
configure:3443: $? = 0
configure:3446: test -s conftest.o
configure:3449: $? = 0
configure:3460: result: yes
configure:3414: checking for sys/stat.h
configure:3430: gcc -c -g -O2  conftest.c >&5
configure:3436: $? = 0
configure:3440: test -z 
			 || test ! -s conftest.err
configure:3443: $? = 0
configure:3446: test -s conftest.o
configure:3449: $? = 0
configure:3460: result: yes
configure:3414: checking for stdlib.h
configure:3430: gcc -c -g -O2  conftest.c >&5
configure:3436: $? = 0
configure:3440: test -z 
			 || test ! -s conftest.err
configure:3443: $? = 0
configure:3446: test -s conftest.o
configure:3449: $? = 0
configure:3460: result: yes
configure:3414: checking for string.h
configure:3430: gcc -c -g -O2  conftest.c >&5
configure:3436: $? = 0
configure:3440: test -z 
			 || test ! -s conftest.err
configure:3443: $? = 0
configure:3446: test -s conftest.o
configure:3449: $? = 0
configure:3460: result: yes
configure:3414: checking for memory.h
configure:3430: gcc -c -g -O2  conftest.c >&5
configure:3436: $? = 0
configure:3440: test -z 
			 || test ! -s conftest.err
configure:3443: $? = 0
configure:3446: test -s conftest.o
configure:3449: $? = 0
configure:3460: result: yes
configure:3414: checking for strings.h
configure:3430: gcc -c -g -O2  conftest.c >&5
configure:3436: $? = 0
configure:3440: test -z 
			 || test ! -s conftest.err
configure:3443: $? = 0
configure:3446: test -s conftest.o
configure:3449: $? = 0
configure:3460: result: yes
configure:3414: checking for inttypes.h
configure:3430: gcc -c -g -O2  conftest.c >&5
configure:3436: $? = 0
configure:3440: test -z 
			 || test ! -s conftest.err
configure:3443: $? = 0
configure:3446: test -s conftest.o
configure:3449: $? = 0
configure:3460: result: yes
configure:3414: checking for stdint.h
configure:3430: gcc -c -g -O2  conftest.c >&5
configure:3436: $? = 0
configure:3440: test -z 
			 || test ! -s conftest.err
configure:3443: $? = 0
configure:3446: test -s conftest.o
configure:3449: $? = 0
configure:3460: result: yes
configure:3414: checking for unistd.h
configure:3430: gcc -c -g -O2  conftest.c >&5
configure:3436: $? = 0
configure:3440: test -z 
			 || test ! -s conftest.err
configure:3443: $? = 0
configure:3446: test -s conftest.o
configure:3449: $? = 0
configure:3460: result: yes
configure:3486: checking systemc.h usability
configure:3498: gcc -c -g -O2  conftest.c >&5
conftest.c:56:21: fatal error: systemc.h: No such file or directory
compilation terminated.
configure:3504: $? = 1
configure: failed program was:
| /* confdefs.h.  */
| 
| #define PACKAGE_NAME ""
| #define PACKAGE_TARNAME ""
| #define PACKAGE_VERSION ""
| #define PACKAGE_STRING ""
| #define PACKAGE_BUGREPORT ""
| #ifdef __cplusplus
| extern "C" void exit (int) throw ();
| #endif
| #define STDC_HEADERS 1
| #define HAVE_SYS_TYPES_H 1
| #define HAVE_SYS_STAT_H 1
| #define HAVE_STDLIB_H 1
| #define HAVE_STRING_H 1
| #define HAVE_MEMORY_H 1
| #define HAVE_STRINGS_H 1
| #define HAVE_INTTYPES_H 1
| #define HAVE_STDINT_H 1
| #define HAVE_UNISTD_H 1
| /* end confdefs.h.  */
| #include <stdio.h>
| #if HAVE_SYS_TYPES_H
| # include <sys/types.h>
| #endif
| #if HAVE_SYS_STAT_H
| # include <sys/stat.h>
| #endif
| #if STDC_HEADERS
| # include <stdlib.h>
| # include <stddef.h>
| #else
| # if HAVE_STDLIB_H
| #  include <stdlib.h>
| # endif
| #endif
| #if HAVE_STRING_H
| # if !STDC_HEADERS && HAVE_MEMORY_H
| #  include <memory.h>
| # endif
| # include <string.h>
| #endif
| #if HAVE_STRINGS_H
| # include <strings.h>
| #endif
| #if HAVE_INTTYPES_H
| # include <inttypes.h>
| #else
| # if HAVE_STDINT_H
| #  include <stdint.h>
| # endif
| #endif
| #if HAVE_UNISTD_H
| # include <unistd.h>
| #endif
| #include <systemc.h>
configure:3527: result: no
configure:3531: checking systemc.h presence
configure:3541: gcc -E  conftest.c
conftest.c:22:21: fatal error: systemc.h: No such file or directory
compilation terminated.
configure:3547: $? = 1
configure: failed program was:
| /* confdefs.h.  */
| 
| #define PACKAGE_NAME ""
| #define PACKAGE_TARNAME ""
| #define PACKAGE_VERSION ""
| #define PACKAGE_STRING ""
| #define PACKAGE_BUGREPORT ""
| #ifdef __cplusplus
| extern "C" void exit (int) throw ();
| #endif
| #define STDC_HEADERS 1
| #define HAVE_SYS_TYPES_H 1
| #define HAVE_SYS_STAT_H 1
| #define HAVE_STDLIB_H 1
| #define HAVE_STRING_H 1
| #define HAVE_MEMORY_H 1
| #define HAVE_STRINGS_H 1
| #define HAVE_INTTYPES_H 1
| #define HAVE_STDINT_H 1
| #define HAVE_UNISTD_H 1
| /* end confdefs.h.  */
| #include <systemc.h>
configure:3567: result: no
configure:3602: checking for systemc.h
configure:3609: result: no
configure:3628: WARNING: Failed to find SystemC directory
    /usr/local/systemc-2.1
configure:3641: checking for SystemC library directory
configure:3841: creating ./config.status

## ---------------------- ##
## Running config.status. ##
## ---------------------- ##

This file was extended by config.status, which was
generated by GNU Autoconf 2.59.  Invocation command line was

  CONFIG_FILES    = 
  CONFIG_HEADERS  = 
  CONFIG_LINKS    = 
  CONFIG_COMMANDS = 
  $ ./config.status 

on R9R16M8

config.status:645: creating mk/metroII.mk

## ---------------- ##
## Cache variables. ##
## ---------------- ##

ac_cv_c_compiler_gnu=yes
ac_cv_cxx_compiler_gnu=yes
ac_cv_env_CC_set=
ac_cv_env_CC_value=
ac_cv_env_CFLAGS_set=
ac_cv_env_CFLAGS_value=
ac_cv_env_CPPFLAGS_set=
ac_cv_env_CPPFLAGS_value=
ac_cv_env_CPP_set=
ac_cv_env_CPP_value=
ac_cv_env_CXXFLAGS_set=
ac_cv_env_CXXFLAGS_value=
ac_cv_env_CXX_set=
ac_cv_env_CXX_value=
ac_cv_env_LDFLAGS_set=
ac_cv_env_LDFLAGS_value=
ac_cv_env_build_alias_set=
ac_cv_env_build_alias_value=
ac_cv_env_host_alias_set=
ac_cv_env_host_alias_value=
ac_cv_env_target_alias_set=
ac_cv_env_target_alias_value=
ac_cv_exeext=
ac_cv_header_inttypes_h=yes
ac_cv_header_memory_h=yes
ac_cv_header_stdc=yes
ac_cv_header_stdint_h=yes
ac_cv_header_stdlib_h=yes
ac_cv_header_string_h=yes
ac_cv_header_strings_h=yes
ac_cv_header_sys_stat_h=yes
ac_cv_header_sys_types_h=yes
ac_cv_header_systemc_h=no
ac_cv_header_unistd_h=yes
ac_cv_objext=o
ac_cv_path_METROII_CC=/usr/bin/gcc
ac_cv_path_METROII_MAKE=/usr/bin/make
ac_cv_prog_CPP='gcc -E'
ac_cv_prog_ac_ct_CC=gcc
ac_cv_prog_ac_ct_CXX=g++
ac_cv_prog_cc_g=yes
ac_cv_prog_cc_stdc=
ac_cv_prog_cxx_g=yes
ac_cv_prog_egrep='grep -E'

## ----------------- ##
## Output variables. ##
## ----------------- ##

CC='gcc'
CFLAGS='-g -O2'
CPP='gcc -E'
CPPFLAGS=''
CXX='g++'
CXXFLAGS='-g -O2'
DEFS='-DPACKAGE_NAME=\"\" -DPACKAGE_TARNAME=\"\" -DPACKAGE_VERSION=\"\" -DPACKAGE_STRING=\"\" -DPACKAGE_BUGREPORT=\"\" -DSTDC_HEADERS=1 -DHAVE_SYS_TYPES_H=1 -DHAVE_SYS_STAT_H=1 -DHAVE_STDLIB_H=1 -DHAVE_STRING_H=1 -DHAVE_MEMORY_H=1 -DHAVE_STRINGS_H=1 -DHAVE_INTTYPES_H=1 -DHAVE_STDINT_H=1 -DHAVE_UNISTD_H=1 '
ECHO_C=''
ECHO_N='-n'
ECHO_T=''
EGREP='grep -E'
EXEEXT=''
LDFLAGS=''
LIBOBJS=''
LIBS=''
LTLIBOBJS=''
METROII='/home/glp/Project/metroII'
METROII_CC='/usr/bin/gcc'
METROII_CXX='g++'
METROII_DEFAULT=''
METROII_H264_DIR=''
METROII_MAKE='/usr/bin/make'
METROII_SDL=''
OBJEXT='o'
PACKAGE_BUGREPORT=''
PACKAGE_NAME=''
PACKAGE_STRING=''
PACKAGE_TARNAME=''
PACKAGE_VERSION=''
PATH_SEPARATOR=':'
SHELL='/bin/bash'
SYSTEMC='/usr/local/systemc-2.1'
SYSTEMC_LIB='lib-linux'
ac_ct_CC='gcc'
ac_ct_CXX='g++'
bindir='${exec_prefix}/bin'
build_alias=''
datadir='${prefix}/share'
exec_prefix='${prefix}'
host_alias=''
includedir='${prefix}/include'
infodir='${prefix}/info'
libdir='${exec_prefix}/lib'
libexecdir='${exec_prefix}/libexec'
localstatedir='${prefix}/var'
mandir='${prefix}/man'
oldincludedir='/usr/include'
prefix='/home/glp/Project/metroII'
program_transform_name='s,x,x,'
sbindir='${exec_prefix}/sbin'
sharedstatedir='${prefix}/com'
sysconfdir='${prefix}/etc'
target_alias=''

## ----------- ##
## confdefs.h. ##
## ----------- ##

#define HAVE_INTTYPES_H 1
#define HAVE_MEMORY_H 1
#define HAVE_STDINT_H 1
#define HAVE_STDLIB_H 1
#define HAVE_STRINGS_H 1
#define HAVE_STRING_H 1
#define HAVE_SYS_STAT_H 1
#define HAVE_SYS_TYPES_H 1
#define HAVE_UNISTD_H 1
#define PACKAGE_BUGREPORT ""
#define PACKAGE_NAME ""
#define PACKAGE_STRING ""
#define PACKAGE_TARNAME ""
#define PACKAGE_VERSION ""
#define STDC_HEADERS 1
#endif
#ifdef __cplusplus
extern "C" void exit (int) throw ();

configure: exit 0
